<<<<<<< HEAD
[28/Nov/2020:23:39:12] ENGINE Listening for SIGUSR1.
[28/Nov/2020:23:39:12] ENGINE Listening for SIGTERM.
[28/Nov/2020:23:39:12] ENGINE Listening for SIGHUP.
[28/Nov/2020:23:39:12] ENGINE Bus STARTING
[28/Nov/2020:23:39:12] ENGINE Serving on http://0.0.0.0
[28/Nov/2020:23:39:12] ENGINE Bus STARTED
[28/Nov/2020:23:39:28] HTTP 
Traceback (most recent call last):
  File "/Library/Frameworks/Python.framework/Versions/3.5/lib/python3.5/site-packages/cherrypy/_cprequest.py", line 628, in respond
    self._do_respond(path_info)
  File "/Library/Frameworks/Python.framework/Versions/3.5/lib/python3.5/site-packages/cherrypy/_cprequest.py", line 687, in _do_respond
    response.body = self.handler()
  File "/Library/Frameworks/Python.framework/Versions/3.5/lib/python3.5/site-packages/cherrypy/lib/encoding.py", line 219, in __call__
    self.body = self.oldhandler(*args, **kwargs)
  File "/Library/Frameworks/Python.framework/Versions/3.5/lib/python3.5/site-packages/cherrypy/_cpdispatch.py", line 54, in __call__
    return self.callable(*self.args, **self.kwargs)
  File "server.py", line 20, in check
    return str(html_template)
  File "/Library/Frameworks/Python.framework/Versions/3.5/lib/python3.5/site-packages/Cheetah/Template.py", line 1053, in __unicode__
    return getattr(self, mainMethName)()
  File "_Users_Home_Development_fakedestroyer_templates_check_html.py", line 124, in respond
NameMapper.NotFound: cannot find 'document'
[29/Nov/2020:00:02:09] ENGINE Keyboard Interrupt: shutting down bus
[29/Nov/2020:00:02:09] ENGINE Bus STOPPING
[29/Nov/2020:00:02:09] ENGINE HTTP Server cherrypy._cpwsgi_server.CPWSGIServer(('0.0.0.0', 80)) shut down
[29/Nov/2020:00:02:09] ENGINE Bus STOPPED
[29/Nov/2020:00:02:09] ENGINE Bus EXITING
[29/Nov/2020:00:02:09] ENGINE Bus EXITED
[29/Nov/2020:00:02:09] ENGINE Waiting for child threads to terminate...
[29/Nov/2020:00:02:09] ENGINE Waiting for thread HTTPServer Thread-1.
[29/Nov/2020:00:06:31] ENGINE Listening for SIGHUP.
[29/Nov/2020:00:06:31] ENGINE Listening for SIGUSR1.
[29/Nov/2020:00:06:31] ENGINE Listening for SIGTERM.
[29/Nov/2020:00:06:31] ENGINE Bus STARTING
[29/Nov/2020:00:06:31] ENGINE Serving on http://0.0.0.0
[29/Nov/2020:00:06:31] ENGINE Bus STARTED
[29/Nov/2020:00:41:13] ENGINE Keyboard Interrupt: shutting down bus
[29/Nov/2020:00:41:13] ENGINE Bus STOPPING
[29/Nov/2020:00:41:13] ENGINE HTTP Server cherrypy._cpwsgi_server.CPWSGIServer(('0.0.0.0', 80)) shut down
[29/Nov/2020:00:41:13] ENGINE Bus STOPPED
[29/Nov/2020:00:41:13] ENGINE Bus EXITING
[29/Nov/2020:00:41:13] ENGINE Bus EXITED
[29/Nov/2020:00:41:13] ENGINE Waiting for child threads to terminate...
[29/Nov/2020:00:41:15] ENGINE Listening for SIGTERM.
[29/Nov/2020:00:41:15] ENGINE Listening for SIGHUP.
[29/Nov/2020:00:41:15] ENGINE Listening for SIGUSR1.
[29/Nov/2020:00:41:15] ENGINE Bus STARTING
[29/Nov/2020:00:41:15] ENGINE Serving on http://0.0.0.0
[29/Nov/2020:00:41:15] ENGINE Bus STARTED
[29/Nov/2020:00:41:23] HTTP 
Traceback (most recent call last):
  File "/Library/Frameworks/Python.framework/Versions/3.5/lib/python3.5/site-packages/cherrypy/_cprequest.py", line 628, in respond
    self._do_respond(path_info)
  File "/Library/Frameworks/Python.framework/Versions/3.5/lib/python3.5/site-packages/cherrypy/_cprequest.py", line 687, in _do_respond
    response.body = self.handler()
  File "/Library/Frameworks/Python.framework/Versions/3.5/lib/python3.5/site-packages/cherrypy/lib/encoding.py", line 219, in __call__
    self.body = self.oldhandler(*args, **kwargs)
  File "/Library/Frameworks/Python.framework/Versions/3.5/lib/python3.5/site-packages/cherrypy/_cpdispatch.py", line 54, in __call__
    return self.callable(*self.args, **self.kwargs)
  File "server.py", line 39, in api
    response = generate_response()
TypeError: generate_response() missing 1 required positional argument: 'data'
[29/Nov/2020:00:41:38] ENGINE Keyboard Interrupt: shutting down bus
[29/Nov/2020:00:41:38] ENGINE Bus STOPPING
[29/Nov/2020:00:41:38] ENGINE HTTP Server cherrypy._cpwsgi_server.CPWSGIServer(('0.0.0.0', 80)) shut down
[29/Nov/2020:00:41:38] ENGINE Bus STOPPED
[29/Nov/2020:00:41:38] ENGINE Bus EXITING
[29/Nov/2020:00:41:38] ENGINE Bus EXITED
[29/Nov/2020:00:41:38] ENGINE Waiting for child threads to terminate...
[29/Nov/2020:00:41:39] ENGINE Listening for SIGHUP.
[29/Nov/2020:00:41:39] ENGINE Listening for SIGTERM.
[29/Nov/2020:00:41:39] ENGINE Listening for SIGUSR1.
[29/Nov/2020:00:41:39] ENGINE Bus STARTING
[29/Nov/2020:00:41:39] ENGINE Serving on http://0.0.0.0
[29/Nov/2020:00:41:39] ENGINE Bus STARTED
[29/Nov/2020:01:16:56] ENGINE Keyboard Interrupt: shutting down bus
[29/Nov/2020:01:16:56] ENGINE Bus STOPPING
[29/Nov/2020:01:16:56] ENGINE HTTP Server cherrypy._cpwsgi_server.CPWSGIServer(('0.0.0.0', 80)) shut down
[29/Nov/2020:01:16:56] ENGINE Bus STOPPED
[29/Nov/2020:01:16:56] ENGINE Bus EXITING
[29/Nov/2020:01:16:56] ENGINE Bus EXITED
[29/Nov/2020:01:16:56] ENGINE Waiting for child threads to terminate...
[29/Nov/2020:01:16:58] ENGINE Listening for SIGUSR1.
[29/Nov/2020:01:16:58] ENGINE Listening for SIGTERM.
[29/Nov/2020:01:16:58] ENGINE Listening for SIGHUP.
[29/Nov/2020:01:16:58] ENGINE Bus STARTING
[29/Nov/2020:01:16:59] ENGINE Serving on http://0.0.0.0
[29/Nov/2020:01:16:59] ENGINE Bus STARTED
[29/Nov/2020:01:17:07] HTTP 
Traceback (most recent call last):
  File "/Library/Frameworks/Python.framework/Versions/3.5/lib/python3.5/site-packages/cherrypy/_cprequest.py", line 628, in respond
    self._do_respond(path_info)
  File "/Library/Frameworks/Python.framework/Versions/3.5/lib/python3.5/site-packages/cherrypy/_cprequest.py", line 687, in _do_respond
    response.body = self.handler()
  File "/Library/Frameworks/Python.framework/Versions/3.5/lib/python3.5/site-packages/cherrypy/lib/encoding.py", line 219, in __call__
    self.body = self.oldhandler(*args, **kwargs)
  File "/Library/Frameworks/Python.framework/Versions/3.5/lib/python3.5/site-packages/cherrypy/_cpdispatch.py", line 54, in __call__
    return self.callable(*self.args, **self.kwargs)
  File "server.py", line 64, in api
    response = generate_response(data)
  File "server.py", line 30, in generate_response
    result = fetch_items(data)
  File "server.py", line 13, in fetch_items
    connection = mysql.connector.connect(host="127.0.0.1", user="root", passwd="root", db="fakedestroyer", charset='utf8')
  File "/Library/Frameworks/Python.framework/Versions/3.5/lib/python3.5/site-packages/mysql/connector/__init__.py", line 179, in connect
    return MySQLConnection(*args, **kwargs)
  File "/Library/Frameworks/Python.framework/Versions/3.5/lib/python3.5/site-packages/mysql/connector/connection.py", line 95, in __init__
    self.connect(**kwargs)
  File "/Library/Frameworks/Python.framework/Versions/3.5/lib/python3.5/site-packages/mysql/connector/abstracts.py", line 716, in connect
    self._open_connection()
  File "/Library/Frameworks/Python.framework/Versions/3.5/lib/python3.5/site-packages/mysql/connector/connection.py", line 210, in _open_connection
    self._ssl)
  File "/Library/Frameworks/Python.framework/Versions/3.5/lib/python3.5/site-packages/mysql/connector/connection.py", line 142, in _do_auth
    auth_plugin=self._auth_plugin)
  File "/Library/Frameworks/Python.framework/Versions/3.5/lib/python3.5/site-packages/mysql/connector/protocol.py", line 102, in make_auth
    auth_data, ssl_enabled)
  File "/Library/Frameworks/Python.framework/Versions/3.5/lib/python3.5/site-packages/mysql/connector/protocol.py", line 58, in _auth_response
    auth = get_auth_plugin(auth_plugin)(
  File "/Library/Frameworks/Python.framework/Versions/3.5/lib/python3.5/site-packages/mysql/connector/authentication.py", line 191, in get_auth_plugin
    "Authentication plugin '{0}' is not supported".format(plugin_name))
mysql.connector.errors.NotSupportedError: Authentication plugin 'caching_sha2_password' is not supported
[29/Nov/2020:01:21:58] HTTP 
Traceback (most recent call last):
  File "/Library/Frameworks/Python.framework/Versions/3.5/lib/python3.5/site-packages/cherrypy/_cprequest.py", line 628, in respond
    self._do_respond(path_info)
  File "/Library/Frameworks/Python.framework/Versions/3.5/lib/python3.5/site-packages/cherrypy/_cprequest.py", line 687, in _do_respond
    response.body = self.handler()
  File "/Library/Frameworks/Python.framework/Versions/3.5/lib/python3.5/site-packages/cherrypy/lib/encoding.py", line 219, in __call__
    self.body = self.oldhandler(*args, **kwargs)
  File "/Library/Frameworks/Python.framework/Versions/3.5/lib/python3.5/site-packages/cherrypy/_cpdispatch.py", line 54, in __call__
    return self.callable(*self.args, **self.kwargs)
  File "server.py", line 64, in api
    response = generate_response(data)
  File "server.py", line 30, in generate_response
    result = fetch_items(data)
  File "server.py", line 13, in fetch_items
    connection = mysql.connector.connect(host="127.0.0.1", user="root", passwd="root", db="fakedestroyer", charset='utf8')
  File "/Library/Frameworks/Python.framework/Versions/3.5/lib/python3.5/site-packages/mysql/connector/__init__.py", line 179, in connect
    return MySQLConnection(*args, **kwargs)
  File "/Library/Frameworks/Python.framework/Versions/3.5/lib/python3.5/site-packages/mysql/connector/connection.py", line 95, in __init__
    self.connect(**kwargs)
  File "/Library/Frameworks/Python.framework/Versions/3.5/lib/python3.5/site-packages/mysql/connector/abstracts.py", line 716, in connect
    self._open_connection()
  File "/Library/Frameworks/Python.framework/Versions/3.5/lib/python3.5/site-packages/mysql/connector/connection.py", line 210, in _open_connection
    self._ssl)
  File "/Library/Frameworks/Python.framework/Versions/3.5/lib/python3.5/site-packages/mysql/connector/connection.py", line 142, in _do_auth
    auth_plugin=self._auth_plugin)
  File "/Library/Frameworks/Python.framework/Versions/3.5/lib/python3.5/site-packages/mysql/connector/protocol.py", line 102, in make_auth
    auth_data, ssl_enabled)
  File "/Library/Frameworks/Python.framework/Versions/3.5/lib/python3.5/site-packages/mysql/connector/protocol.py", line 58, in _auth_response
    auth = get_auth_plugin(auth_plugin)(
  File "/Library/Frameworks/Python.framework/Versions/3.5/lib/python3.5/site-packages/mysql/connector/authentication.py", line 191, in get_auth_plugin
    "Authentication plugin '{0}' is not supported".format(plugin_name))
mysql.connector.errors.NotSupportedError: Authentication plugin 'caching_sha2_password' is not supported
[29/Nov/2020:01:23:17] HTTP 
Traceback (most recent call last):
  File "/Library/Frameworks/Python.framework/Versions/3.5/lib/python3.5/site-packages/cherrypy/_cprequest.py", line 628, in respond
    self._do_respond(path_info)
  File "/Library/Frameworks/Python.framework/Versions/3.5/lib/python3.5/site-packages/cherrypy/_cprequest.py", line 687, in _do_respond
    response.body = self.handler()
  File "/Library/Frameworks/Python.framework/Versions/3.5/lib/python3.5/site-packages/cherrypy/lib/encoding.py", line 219, in __call__
    self.body = self.oldhandler(*args, **kwargs)
  File "/Library/Frameworks/Python.framework/Versions/3.5/lib/python3.5/site-packages/cherrypy/_cpdispatch.py", line 54, in __call__
    return self.callable(*self.args, **self.kwargs)
  File "server.py", line 64, in api
    response = generate_response(data)
  File "server.py", line 30, in generate_response
    result = fetch_items(data)
  File "server.py", line 13, in fetch_items
    connection = mysql.connector.connect(host="127.0.0.1", user="root", passwd="root", db="fakedestroyer", charset='utf8')
  File "/Library/Frameworks/Python.framework/Versions/3.5/lib/python3.5/site-packages/mysql/connector/__init__.py", line 179, in connect
    return MySQLConnection(*args, **kwargs)
  File "/Library/Frameworks/Python.framework/Versions/3.5/lib/python3.5/site-packages/mysql/connector/connection.py", line 95, in __init__
    self.connect(**kwargs)
  File "/Library/Frameworks/Python.framework/Versions/3.5/lib/python3.5/site-packages/mysql/connector/abstracts.py", line 716, in connect
    self._open_connection()
  File "/Library/Frameworks/Python.framework/Versions/3.5/lib/python3.5/site-packages/mysql/connector/connection.py", line 210, in _open_connection
    self._ssl)
  File "/Library/Frameworks/Python.framework/Versions/3.5/lib/python3.5/site-packages/mysql/connector/connection.py", line 142, in _do_auth
    auth_plugin=self._auth_plugin)
  File "/Library/Frameworks/Python.framework/Versions/3.5/lib/python3.5/site-packages/mysql/connector/protocol.py", line 102, in make_auth
    auth_data, ssl_enabled)
  File "/Library/Frameworks/Python.framework/Versions/3.5/lib/python3.5/site-packages/mysql/connector/protocol.py", line 58, in _auth_response
    auth = get_auth_plugin(auth_plugin)(
  File "/Library/Frameworks/Python.framework/Versions/3.5/lib/python3.5/site-packages/mysql/connector/authentication.py", line 191, in get_auth_plugin
    "Authentication plugin '{0}' is not supported".format(plugin_name))
mysql.connector.errors.NotSupportedError: Authentication plugin 'caching_sha2_password' is not supported
[29/Nov/2020:01:38:09] ENGINE Keyboard Interrupt: shutting down bus
[29/Nov/2020:01:38:09] ENGINE Bus STOPPING
[29/Nov/2020:01:38:09] ENGINE HTTP Server cherrypy._cpwsgi_server.CPWSGIServer(('0.0.0.0', 80)) shut down
[29/Nov/2020:01:38:09] ENGINE Bus STOPPED
[29/Nov/2020:01:38:09] ENGINE Bus EXITING
[29/Nov/2020:01:38:09] ENGINE Bus EXITED
[29/Nov/2020:01:38:09] ENGINE Waiting for child threads to terminate...
[28/Nov/2020:21:43:54] ENGINE Listening for SIGTERM.
[28/Nov/2020:21:43:54] ENGINE Bus STARTING
[28/Nov/2020:21:43:54] ENGINE Set handler for console events.
[28/Nov/2020:21:43:54] ENGINE Serving on http://0.0.0.0
[28/Nov/2020:21:43:54] ENGINE Bus STARTED
[28/Nov/2020:21:48:59] ENGINE Console event 0: shutting down bus
[28/Nov/2020:21:48:59] ENGINE Removed handler for console events.
[28/Nov/2020:21:48:59] ENGINE Bus STOPPING
[28/Nov/2020:21:49:00] ENGINE HTTP Server cherrypy._cpwsgi_server.CPWSGIServer(('0.0.0.0', 80)) shut down
[28/Nov/2020:21:49:00] ENGINE Handler for console events already off.
[28/Nov/2020:21:49:00] ENGINE Bus STOPPED
[28/Nov/2020:21:49:00] ENGINE Bus EXITING
[28/Nov/2020:21:49:00] ENGINE Waiting for child threads to terminate...
[28/Nov/2020:21:49:00] ENGINE Bus EXITED
[28/Nov/2020:21:54:47] ENGINE Listening for SIGTERM.
[28/Nov/2020:21:54:47] ENGINE Bus STARTING
[28/Nov/2020:21:54:47] ENGINE Set handler for console events.
[28/Nov/2020:21:54:47] ENGINE Serving on http://0.0.0.0
[28/Nov/2020:21:54:47] ENGINE Bus STARTED
[28/Nov/2020:22:11:44] ENGINE Console event 0: shutting down bus
[28/Nov/2020:22:11:44] ENGINE Removed handler for console events.
[28/Nov/2020:22:11:44] ENGINE Bus STOPPING
[28/Nov/2020:22:11:44] ENGINE HTTP Server cherrypy._cpwsgi_server.CPWSGIServer(('0.0.0.0', 80)) shut down
[28/Nov/2020:22:11:44] ENGINE Handler for console events already off.
[28/Nov/2020:22:11:44] ENGINE Bus STOPPED
[28/Nov/2020:22:11:44] ENGINE Bus EXITING
[28/Nov/2020:22:11:44] ENGINE Bus EXITED
[28/Nov/2020:22:11:44] ENGINE Waiting for child threads to terminate...
[28/Nov/2020:22:12:18] ENGINE Listening for SIGTERM.
[28/Nov/2020:22:12:18] ENGINE Bus STARTING
[28/Nov/2020:22:12:18] ENGINE Set handler for console events.
[28/Nov/2020:22:12:18] ENGINE Serving on http://0.0.0.0
[28/Nov/2020:22:12:18] ENGINE Bus STARTED
[28/Nov/2020:22:20:46] ENGINE Console event 2: shutting down bus
[28/Nov/2020:22:20:46] ENGINE Removed handler for console events.
[28/Nov/2020:22:20:46] ENGINE Bus STOPPING
[28/Nov/2020:22:20:46] ENGINE HTTP Server cherrypy._cpwsgi_server.CPWSGIServer(('0.0.0.0', 80)) shut down
[28/Nov/2020:22:20:46] ENGINE Handler for console events already off.
[28/Nov/2020:22:20:46] ENGINE Bus STOPPED
[28/Nov/2020:22:20:46] ENGINE Bus EXITING
[28/Nov/2020:22:20:46] ENGINE Waiting for child threads to terminate...
[28/Nov/2020:22:20:46] ENGINE Bus EXITED
[29/Nov/2020:14:04:11] ENGINE Listening for SIGTERM.
[29/Nov/2020:14:04:11] ENGINE Bus STARTING
[29/Nov/2020:14:04:11] ENGINE Set handler for console events.
[29/Nov/2020:14:04:12] ENGINE Serving on http://0.0.0.0
[29/Nov/2020:14:04:12] ENGINE Bus STARTED
[29/Nov/2020:14:06:05] ENGINE Console event 0: shutting down bus
[29/Nov/2020:14:06:05] ENGINE Removed handler for console events.
[29/Nov/2020:14:06:05] ENGINE Bus STOPPING
[29/Nov/2020:14:06:05] ENGINE HTTP Server cherrypy._cpwsgi_server.CPWSGIServer(('0.0.0.0', 80)) shut down
[29/Nov/2020:14:06:05] ENGINE Handler for console events already off.
[29/Nov/2020:14:06:05] ENGINE Bus STOPPED
[29/Nov/2020:14:06:05] ENGINE Bus EXITING
[29/Nov/2020:14:06:05] ENGINE Waiting for child threads to terminate...
[29/Nov/2020:14:06:05] ENGINE Bus EXITED
[04/Dec/2020:16:04:47] ENGINE Listening for SIGTERM.
[04/Dec/2020:16:04:47] ENGINE Bus STARTING
[04/Dec/2020:16:04:47] ENGINE Set handler for console events.
[04/Dec/2020:16:04:47] ENGINE Serving on http://0.0.0.0
[04/Dec/2020:16:04:47] ENGINE Bus STARTED
[04/Dec/2020:16:14:47] ENGINE Console event 0: shutting down bus
[04/Dec/2020:16:14:47] ENGINE Removed handler for console events.
[04/Dec/2020:16:14:47] ENGINE Bus STOPPING
[04/Dec/2020:16:14:47] ENGINE HTTP Server cherrypy._cpwsgi_server.CPWSGIServer(('0.0.0.0', 80)) shut down
[04/Dec/2020:16:14:47] ENGINE Handler for console events already off.
[04/Dec/2020:16:14:47] ENGINE Bus STOPPED
[04/Dec/2020:16:14:47] ENGINE Bus EXITING
[04/Dec/2020:16:14:47] ENGINE Waiting for child threads to terminate...
[04/Dec/2020:16:14:47] ENGINE Bus EXITED
[04/Dec/2020:16:14:51] ENGINE Listening for SIGTERM.
[04/Dec/2020:16:14:51] ENGINE Bus STARTING
[04/Dec/2020:16:14:51] ENGINE Set handler for console events.
[04/Dec/2020:16:14:51] ENGINE Serving on http://0.0.0.0
[04/Dec/2020:16:14:51] ENGINE Bus STARTED
[04/Dec/2020:16:53:05] ENGINE Console event 0: shutting down bus
[04/Dec/2020:16:53:05] ENGINE Removed handler for console events.
[04/Dec/2020:16:53:05] ENGINE Bus STOPPING
[04/Dec/2020:16:53:05] ENGINE HTTP Server cherrypy._cpwsgi_server.CPWSGIServer(('0.0.0.0', 80)) shut down
[04/Dec/2020:16:53:05] ENGINE Handler for console events already off.
[04/Dec/2020:16:53:05] ENGINE Bus STOPPED
[04/Dec/2020:16:53:05] ENGINE Bus EXITING
[04/Dec/2020:16:53:05] ENGINE Bus EXITED
[04/Dec/2020:16:53:05] ENGINE Waiting for child threads to terminate...
[04/Dec/2020:16:56:03] ENGINE Listening for SIGTERM.
[04/Dec/2020:16:56:03] ENGINE Bus STARTING
[04/Dec/2020:16:56:03] ENGINE Set handler for console events.
[04/Dec/2020:16:56:03] ENGINE Serving on http://0.0.0.0
[04/Dec/2020:16:56:03] ENGINE Bus STARTED
[04/Dec/2020:17:18:52] ENGINE Console event 0: shutting down bus
[04/Dec/2020:17:18:52] ENGINE Removed handler for console events.
[04/Dec/2020:17:18:52] ENGINE Bus STOPPING
[04/Dec/2020:17:18:52] ENGINE HTTP Server cherrypy._cpwsgi_server.CPWSGIServer(('0.0.0.0', 80)) shut down
[04/Dec/2020:17:18:52] ENGINE Handler for console events already off.
[04/Dec/2020:17:18:52] ENGINE Bus STOPPED
[04/Dec/2020:17:18:52] ENGINE Bus EXITING
[04/Dec/2020:17:18:52] ENGINE Waiting for child threads to terminate...
[04/Dec/2020:17:18:52] ENGINE Bus EXITED
[09/Dec/2020:20:13:06] ENGINE Listening for SIGTERM.
[09/Dec/2020:20:13:06] ENGINE Bus STARTING
[09/Dec/2020:20:13:06] ENGINE Set handler for console events.
[09/Dec/2020:20:13:06] ENGINE Serving on http://0.0.0.0
[09/Dec/2020:20:13:06] ENGINE Bus STARTED
[09/Dec/2020:20:13:45] ENGINE Console event 2: shutting down bus
[09/Dec/2020:20:13:45] ENGINE Removed handler for console events.
[09/Dec/2020:20:13:45] ENGINE Bus STOPPING
[09/Dec/2020:20:13:45] ENGINE HTTP Server cherrypy._cpwsgi_server.CPWSGIServer(('0.0.0.0', 80)) shut down
[09/Dec/2020:20:13:45] ENGINE Handler for console events already off.
[09/Dec/2020:20:13:45] ENGINE Bus STOPPED
[09/Dec/2020:20:13:45] ENGINE Bus EXITING
[09/Dec/2020:20:13:45] ENGINE Waiting for child threads to terminate...
[09/Dec/2020:20:13:45] ENGINE Bus EXITED
[09/Dec/2020:20:13:59] ENGINE Listening for SIGTERM.
[09/Dec/2020:20:13:59] ENGINE Bus STARTING
[09/Dec/2020:20:13:59] ENGINE Set handler for console events.
[09/Dec/2020:20:13:59] ENGINE Serving on http://0.0.0.0
[09/Dec/2020:20:13:59] ENGINE Bus STARTED
[09/Dec/2020:21:33:27] ENGINE Listening for SIGTERM.
[09/Dec/2020:21:33:27] ENGINE Bus STARTING
[09/Dec/2020:21:33:27] ENGINE Set handler for console events.
[09/Dec/2020:21:33:27] ENGINE Serving on http://0.0.0.0
[09/Dec/2020:21:33:27] ENGINE Bus STARTED
[09/Dec/2020:21:39:26] ENGINE Console event 0: shutting down bus
[09/Dec/2020:21:39:26] ENGINE Removed handler for console events.
[09/Dec/2020:21:39:26] ENGINE Bus STOPPING
[09/Dec/2020:21:39:26] ENGINE HTTP Server cherrypy._cpwsgi_server.CPWSGIServer(('0.0.0.0', 80)) shut down
[09/Dec/2020:21:39:26] ENGINE Handler for console events already off.
[09/Dec/2020:21:39:26] ENGINE Bus STOPPED
[09/Dec/2020:21:39:26] ENGINE Bus EXITING
[09/Dec/2020:21:39:26] ENGINE Waiting for child threads to terminate...
[09/Dec/2020:21:39:26] ENGINE Bus EXITED
[09/Dec/2020:21:46:01] ENGINE Listening for SIGTERM.
[09/Dec/2020:21:46:01] ENGINE Bus STARTING
[09/Dec/2020:21:46:01] ENGINE Set handler for console events.
[09/Dec/2020:21:46:01] ENGINE Serving on http://0.0.0.0
[09/Dec/2020:21:46:01] ENGINE Bus STARTED
[09/Dec/2020:21:56:08] ENGINE Listening for SIGTERM.
[09/Dec/2020:21:56:08] ENGINE Bus STARTING
[09/Dec/2020:21:56:08] ENGINE Set handler for console events.
[09/Dec/2020:21:56:08] ENGINE Console event 2: shutting down bus
[09/Dec/2020:21:56:08] ENGINE Removed handler for console events.
[09/Dec/2020:21:56:08] ENGINE Bus STOPPING
[09/Dec/2020:21:56:08] ENGINE HTTP Server cherrypy._cpwsgi_server.CPWSGIServer(('0.0.0.0', 80)) already shut down
[09/Dec/2020:21:56:08] ENGINE Handler for console events already off.
[09/Dec/2020:21:56:08] ENGINE Bus STOPPED
[09/Dec/2020:21:56:08] ENGINE Bus EXITING
[09/Dec/2020:21:56:08] ENGINE Bus EXITED
[09/Dec/2020:21:56:12] ENGINE Console event 0: shutting down bus
[09/Dec/2020:21:56:12] ENGINE Removed handler for console events.
[09/Dec/2020:21:56:12] ENGINE Bus STOPPING
[09/Dec/2020:21:56:12] ENGINE HTTP Server cherrypy._cpwsgi_server.CPWSGIServer(('0.0.0.0', 80)) shut down
[09/Dec/2020:21:56:12] ENGINE Handler for console events already off.
[09/Dec/2020:21:56:12] ENGINE Bus STOPPED
[09/Dec/2020:21:56:12] ENGINE Bus EXITING
[09/Dec/2020:21:56:12] ENGINE Waiting for child threads to terminate...
[09/Dec/2020:21:56:12] ENGINE Bus EXITED
[09/Dec/2020:22:03:13] ENGINE Listening for SIGTERM.
[09/Dec/2020:22:03:13] ENGINE Bus STARTING
[09/Dec/2020:22:03:13] ENGINE Set handler for console events.
[09/Dec/2020:22:03:13] ENGINE Serving on http://0.0.0.0
[09/Dec/2020:22:03:13] ENGINE Bus STARTED
[09/Dec/2020:22:14:50] ENGINE Console event 0: shutting down bus
[09/Dec/2020:22:14:50] ENGINE Removed handler for console events.
[09/Dec/2020:22:14:50] ENGINE Bus STOPPING
[09/Dec/2020:22:14:50] ENGINE HTTP Server cherrypy._cpwsgi_server.CPWSGIServer(('0.0.0.0', 80)) shut down
[09/Dec/2020:22:14:50] ENGINE Handler for console events already off.
[09/Dec/2020:22:14:50] ENGINE Bus STOPPED
[09/Dec/2020:22:14:50] ENGINE Bus EXITING
[09/Dec/2020:22:14:50] ENGINE Waiting for child threads to terminate...
[09/Dec/2020:22:14:50] ENGINE Bus EXITED
[10/Dec/2020:11:47:09] ENGINE Listening for SIGTERM.
[10/Dec/2020:11:47:09] ENGINE Bus STARTING
[10/Dec/2020:11:47:09] ENGINE Set handler for console events.
[10/Dec/2020:11:47:09] ENGINE Serving on http://0.0.0.0
[10/Dec/2020:11:47:09] ENGINE Bus STARTED
[10/Dec/2020:11:50:06] ENGINE Console event 0: shutting down bus
[10/Dec/2020:11:50:06] ENGINE Removed handler for console events.
[10/Dec/2020:11:50:06] ENGINE Bus STOPPING
[10/Dec/2020:11:50:06] ENGINE HTTP Server cherrypy._cpwsgi_server.CPWSGIServer(('0.0.0.0', 80)) shut down
[10/Dec/2020:11:50:06] ENGINE Handler for console events already off.
[10/Dec/2020:11:50:06] ENGINE Bus STOPPED
[10/Dec/2020:11:50:06] ENGINE Bus EXITING
[10/Dec/2020:11:50:06] ENGINE Waiting for child threads to terminate...
[10/Dec/2020:11:50:06] ENGINE Bus EXITED
[10/Dec/2020:11:50:43] ENGINE Listening for SIGTERM.
[10/Dec/2020:11:50:43] ENGINE Bus STARTING
[10/Dec/2020:11:50:43] ENGINE Set handler for console events.
[10/Dec/2020:11:50:44] ENGINE Serving on http://0.0.0.0
[10/Dec/2020:11:50:44] ENGINE Bus STARTED
[10/Dec/2020:12:18:23] ENGINE Console event 2: shutting down bus
[10/Dec/2020:12:18:23] ENGINE Removed handler for console events.
[10/Dec/2020:12:18:23] ENGINE Bus STOPPING
[10/Dec/2020:12:18:23] ENGINE HTTP Server cherrypy._cpwsgi_server.CPWSGIServer(('0.0.0.0', 80)) shut down
[10/Dec/2020:12:18:23] ENGINE Handler for console events already off.
[10/Dec/2020:12:18:23] ENGINE Bus STOPPED
[10/Dec/2020:12:18:23] ENGINE Bus EXITING
[10/Dec/2020:12:18:23] ENGINE Bus EXITED
=======
[06/Dec/2020:16:50:46] ENGINE Listening for SIGTERM.
[06/Dec/2020:16:50:46] ENGINE Listening for SIGUSR1.
[06/Dec/2020:16:50:46] ENGINE Listening for SIGHUP.
[06/Dec/2020:16:50:46] ENGINE Bus STARTING
[06/Dec/2020:16:50:46] ENGINE Serving on http://0.0.0.0
[06/Dec/2020:16:50:46] ENGINE Bus STARTED
>>>>>>> fbe11376005338eb0d7399a65ca4d3a1d4bd998f
[14/Dec/2020:10:54:26] ENGINE Listening for SIGTERM.
[14/Dec/2020:10:54:26] ENGINE Bus STARTING
[14/Dec/2020:10:54:26] ENGINE Set handler for console events.
[14/Dec/2020:10:54:26] ENGINE Serving on http://0.0.0.0
[14/Dec/2020:10:54:26] ENGINE Bus STARTED
[14/Dec/2020:10:55:25] ENGINE Console event 2: shutting down bus
[14/Dec/2020:10:55:25] ENGINE Removed handler for console events.
[14/Dec/2020:10:55:25] ENGINE Bus STOPPING
[14/Dec/2020:10:55:25] ENGINE HTTP Server cherrypy._cpwsgi_server.CPWSGIServer(('0.0.0.0', 80)) shut down
[14/Dec/2020:10:55:25] ENGINE Handler for console events already off.
[14/Dec/2020:10:55:25] ENGINE Bus STOPPED
[14/Dec/2020:10:55:25] ENGINE Bus EXITING
[14/Dec/2020:10:55:25] ENGINE Waiting for child threads to terminate...
[14/Dec/2020:10:55:25] ENGINE Bus EXITED
[14/Dec/2020:11:08:33] ENGINE Listening for SIGTERM.
[14/Dec/2020:11:08:33] ENGINE Bus STARTING
[14/Dec/2020:11:08:33] ENGINE Set handler for console events.
[14/Dec/2020:11:08:33] ENGINE Serving on http://0.0.0.0
[14/Dec/2020:11:08:33] ENGINE Bus STARTED
[14/Dec/2020:11:10:02] ENGINE Console event 2: shutting down bus
[14/Dec/2020:11:10:02] ENGINE Removed handler for console events.
[14/Dec/2020:11:10:02] ENGINE Bus STOPPING
[14/Dec/2020:11:10:02] ENGINE HTTP Server cherrypy._cpwsgi_server.CPWSGIServer(('0.0.0.0', 80)) shut down
[14/Dec/2020:11:10:02] ENGINE Handler for console events already off.
[14/Dec/2020:11:10:02] ENGINE Bus STOPPED
[14/Dec/2020:11:10:02] ENGINE Bus EXITING
[14/Dec/2020:11:10:02] ENGINE Waiting for child threads to terminate...
[14/Dec/2020:11:10:02] ENGINE Bus EXITED
[14/Dec/2020:13:10:52] ENGINE Listening for SIGTERM.
[14/Dec/2020:13:10:52] ENGINE Bus STARTING
[14/Dec/2020:13:10:52] ENGINE Set handler for console events.
[14/Dec/2020:13:10:52] ENGINE Serving on http://0.0.0.0
[14/Dec/2020:13:10:52] ENGINE Bus STARTED
[14/Dec/2020:13:33:44] ENGINE Console event 2: shutting down bus
[14/Dec/2020:13:33:44] ENGINE Removed handler for console events.
[14/Dec/2020:13:33:45] ENGINE Bus STOPPING
[14/Dec/2020:13:33:45] ENGINE HTTP Server cherrypy._cpwsgi_server.CPWSGIServer(('0.0.0.0', 80)) shut down
[14/Dec/2020:13:33:45] ENGINE Handler for console events already off.
[14/Dec/2020:13:33:45] ENGINE Bus STOPPED
[14/Dec/2020:13:33:45] ENGINE Bus EXITING
[14/Dec/2020:13:33:45] ENGINE Waiting for child threads to terminate...
[14/Dec/2020:13:33:45] ENGINE Bus EXITED
[14/Dec/2020:13:34:14] ENGINE Listening for SIGTERM.
[14/Dec/2020:13:34:14] ENGINE Bus STARTING
[14/Dec/2020:13:34:14] ENGINE Set handler for console events.
[14/Dec/2020:13:34:15] ENGINE Serving on http://0.0.0.0
[14/Dec/2020:13:34:15] ENGINE Bus STARTED
[14/Dec/2020:13:58:41] ENGINE Console event 0: shutting down bus
[14/Dec/2020:13:58:41] ENGINE Removed handler for console events.
[14/Dec/2020:13:58:41] ENGINE Bus STOPPING
[14/Dec/2020:13:58:41] ENGINE HTTP Server cherrypy._cpwsgi_server.CPWSGIServer(('0.0.0.0', 80)) shut down
[14/Dec/2020:13:58:41] ENGINE Handler for console events already off.
[14/Dec/2020:13:58:41] ENGINE Bus STOPPED
[14/Dec/2020:13:58:41] ENGINE Bus EXITING
[14/Dec/2020:13:58:41] ENGINE Waiting for child threads to terminate...
[14/Dec/2020:13:58:41] ENGINE Bus EXITED
[14/Dec/2020:15:24:34] ENGINE Listening for SIGTERM.
[14/Dec/2020:15:24:34] ENGINE Bus STARTING
[14/Dec/2020:15:24:34] ENGINE Set handler for console events.
[14/Dec/2020:15:24:35] ENGINE Serving on http://0.0.0.0
[14/Dec/2020:15:24:35] ENGINE Bus STARTED
[14/Dec/2020:15:27:09] ENGINE Listening for SIGTERM.
[14/Dec/2020:15:27:09] ENGINE Bus STARTING
[14/Dec/2020:15:27:09] ENGINE Set handler for console events.
[14/Dec/2020:15:27:10] ENGINE Error in 'start' listener <bound method Server.start of <cherrypy._cpserver.Server object at 0x0000021D63F063C8>>
Traceback (most recent call last):
  File "C:\Users\1\AppData\Local\Programs\Python\Python37\lib\site-packages\portend.py", line 122, in free
    Checker(timeout=0.1).assert_free(host, port)
  File "C:\Users\1\AppData\Local\Programs\Python\Python37\lib\site-packages\portend.py", line 71, in assert_free
    list(itertools.starmap(self._connect, info))
  File "C:\Users\1\AppData\Local\Programs\Python\Python37\lib\site-packages\portend.py", line 87, in _connect
    raise PortNotFree(tmpl.format(**locals()))
portend.PortNotFree: Port 127.0.0.1 is in use on 80.

During handling of the above exception, another exception occurred:

Traceback (most recent call last):
  File "C:\Users\1\AppData\Local\Programs\Python\Python37\lib\site-packages\cherrypy\process\wspbus.py", line 230, in publish
    output.append(listener(*args, **kwargs))
  File "C:\Users\1\AppData\Local\Programs\Python\Python37\lib\site-packages\cherrypy\_cpserver.py", line 180, in start
    super(Server, self).start()
  File "C:\Users\1\AppData\Local\Programs\Python\Python37\lib\site-packages\cherrypy\process\servers.py", line 177, in start
    portend.free(*self.bind_addr, timeout=Timeouts.free)
  File "C:\Users\1\AppData\Local\Programs\Python\Python37\lib\site-packages\portend.py", line 126, in free
    raise Timeout("Port {port} not free on {host}.".format(**locals()))
portend.Timeout: Port 80 not free on 0.0.0.0.

[14/Dec/2020:15:27:10] ENGINE Shutting down due to error in start listener:
Traceback (most recent call last):
  File "C:\Users\1\AppData\Local\Programs\Python\Python37\lib\site-packages\cherrypy\process\wspbus.py", line 268, in start
    self.publish('start')
  File "C:\Users\1\AppData\Local\Programs\Python\Python37\lib\site-packages\cherrypy\process\wspbus.py", line 248, in publish
    raise exc
cherrypy.process.wspbus.ChannelFailures: Timeout('Port 80 not free on 0.0.0.0.')

[14/Dec/2020:15:27:10] ENGINE Bus STOPPING
[14/Dec/2020:15:27:10] ENGINE HTTP Server cherrypy._cpwsgi_server.CPWSGIServer(('0.0.0.0', 80)) already shut down
[14/Dec/2020:15:27:10] ENGINE Removed handler for console events.
[14/Dec/2020:15:27:10] ENGINE Bus STOPPED
[14/Dec/2020:15:27:10] ENGINE Bus EXITING
[14/Dec/2020:15:27:10] ENGINE Bus EXITED
[14/Dec/2020:15:27:22] ENGINE Listening for SIGTERM.
[14/Dec/2020:15:27:22] ENGINE Bus STARTING
[14/Dec/2020:15:27:22] ENGINE Set handler for console events.
[14/Dec/2020:15:27:23] ENGINE Error in 'start' listener <bound method Server.start of <cherrypy._cpserver.Server object at 0x000002150F262048>>
Traceback (most recent call last):
  File "C:\Users\1\AppData\Local\Programs\Python\Python37\lib\site-packages\portend.py", line 122, in free
    Checker(timeout=0.1).assert_free(host, port)
  File "C:\Users\1\AppData\Local\Programs\Python\Python37\lib\site-packages\portend.py", line 71, in assert_free
    list(itertools.starmap(self._connect, info))
  File "C:\Users\1\AppData\Local\Programs\Python\Python37\lib\site-packages\portend.py", line 87, in _connect
    raise PortNotFree(tmpl.format(**locals()))
portend.PortNotFree: Port 127.0.0.1 is in use on 80.

During handling of the above exception, another exception occurred:

Traceback (most recent call last):
  File "C:\Users\1\AppData\Local\Programs\Python\Python37\lib\site-packages\cherrypy\process\wspbus.py", line 230, in publish
    output.append(listener(*args, **kwargs))
  File "C:\Users\1\AppData\Local\Programs\Python\Python37\lib\site-packages\cherrypy\_cpserver.py", line 180, in start
    super(Server, self).start()
  File "C:\Users\1\AppData\Local\Programs\Python\Python37\lib\site-packages\cherrypy\process\servers.py", line 177, in start
    portend.free(*self.bind_addr, timeout=Timeouts.free)
  File "C:\Users\1\AppData\Local\Programs\Python\Python37\lib\site-packages\portend.py", line 126, in free
    raise Timeout("Port {port} not free on {host}.".format(**locals()))
portend.Timeout: Port 80 not free on 0.0.0.0.

[14/Dec/2020:15:27:23] ENGINE Shutting down due to error in start listener:
Traceback (most recent call last):
  File "C:\Users\1\AppData\Local\Programs\Python\Python37\lib\site-packages\cherrypy\process\wspbus.py", line 268, in start
    self.publish('start')
  File "C:\Users\1\AppData\Local\Programs\Python\Python37\lib\site-packages\cherrypy\process\wspbus.py", line 248, in publish
    raise exc
cherrypy.process.wspbus.ChannelFailures: Timeout('Port 80 not free on 0.0.0.0.')

[14/Dec/2020:15:27:23] ENGINE Bus STOPPING
[14/Dec/2020:15:27:23] ENGINE HTTP Server cherrypy._cpwsgi_server.CPWSGIServer(('0.0.0.0', 80)) already shut down
[14/Dec/2020:15:27:23] ENGINE Removed handler for console events.
[14/Dec/2020:15:27:23] ENGINE Bus STOPPED
[14/Dec/2020:15:27:23] ENGINE Bus EXITING
[14/Dec/2020:15:27:23] ENGINE Bus EXITED
[14/Dec/2020:15:48:51] ENGINE Console event 2: shutting down bus
[14/Dec/2020:15:48:51] ENGINE Removed handler for console events.
[14/Dec/2020:15:48:51] ENGINE Bus STOPPING
[14/Dec/2020:15:48:51] ENGINE HTTP Server cherrypy._cpwsgi_server.CPWSGIServer(('0.0.0.0', 80)) shut down
[14/Dec/2020:15:48:51] ENGINE Handler for console events already off.
[14/Dec/2020:15:48:51] ENGINE Bus STOPPED
[14/Dec/2020:15:48:51] ENGINE Bus EXITING
[14/Dec/2020:15:48:51] ENGINE Bus EXITED
[14/Dec/2020:15:48:51] ENGINE Waiting for child threads to terminate...
[14/Dec/2020:15:49:22] ENGINE Listening for SIGTERM.
[14/Dec/2020:15:49:22] ENGINE Bus STARTING
[14/Dec/2020:15:49:22] ENGINE Set handler for console events.
[14/Dec/2020:15:49:22] ENGINE Serving on http://0.0.0.0
[14/Dec/2020:15:49:22] ENGINE Bus STARTED
[14/Dec/2020:15:57:47] ENGINE Console event 2: shutting down bus
[14/Dec/2020:15:57:47] ENGINE Removed handler for console events.
[14/Dec/2020:15:57:47] ENGINE Bus STOPPING
[14/Dec/2020:15:57:47] ENGINE HTTP Server cherrypy._cpwsgi_server.CPWSGIServer(('0.0.0.0', 80)) shut down
[14/Dec/2020:15:57:47] ENGINE Handler for console events already off.
[14/Dec/2020:15:57:47] ENGINE Bus STOPPED
[14/Dec/2020:15:57:47] ENGINE Bus EXITING
[14/Dec/2020:15:57:47] ENGINE Waiting for child threads to terminate...
[14/Dec/2020:15:57:47] ENGINE Bus EXITED
[14/Dec/2020:20:02:40] ENGINE Listening for SIGTERM.
[14/Dec/2020:20:02:40] ENGINE Bus STARTING
[14/Dec/2020:20:02:40] ENGINE Set handler for console events.
[14/Dec/2020:20:02:41] ENGINE Serving on http://0.0.0.0
[14/Dec/2020:20:02:41] ENGINE Bus STARTED
[14/Dec/2020:20:03:50] HTTP 
Traceback (most recent call last):
  File "C:\Users\1\AppData\Local\Programs\Python\Python37\lib\site-packages\cherrypy\_cprequest.py", line 638, in respond
    self._do_respond(path_info)
  File "C:\Users\1\AppData\Local\Programs\Python\Python37\lib\site-packages\cherrypy\_cprequest.py", line 697, in _do_respond
    response.body = self.handler()
  File "C:\Users\1\AppData\Local\Programs\Python\Python37\lib\site-packages\cherrypy\lib\encoding.py", line 219, in __call__
    self.body = self.oldhandler(*args, **kwargs)
  File "C:\Users\1\AppData\Local\Programs\Python\Python37\lib\site-packages\cherrypy\_cpdispatch.py", line 54, in __call__
    return self.callable(*self.args, **self.kwargs)
  File "C:\Users\1\Desktop\2222\fakedestroyers\server.py", line 169, in index
    return str(html_template)
  File "C:\Users\1\AppData\Local\Programs\Python\Python37\lib\site-packages\Cheetah\Template.py", line 1053, in __unicode__
    return getattr(self, mainMethName)()
  File "cheetah__Users_1_Desktop_2222_fakedestroyers_templates_index_html_1607969030_125407_44002.py", line 218, in respond
NameMapper.NotFound: cannot find 'document'
[14/Dec/2020:20:07:44] ENGINE Listening for SIGTERM.
[14/Dec/2020:20:07:44] ENGINE Bus STARTING
[14/Dec/2020:20:07:44] ENGINE Set handler for console events.
[14/Dec/2020:20:07:45] ENGINE Error in 'start' listener <bound method Server.start of <cherrypy._cpserver.Server object at 0x000001B2710E6CC8>>
Traceback (most recent call last):
  File "C:\Users\1\AppData\Local\Programs\Python\Python37\lib\site-packages\portend.py", line 122, in free
    Checker(timeout=0.1).assert_free(host, port)
  File "C:\Users\1\AppData\Local\Programs\Python\Python37\lib\site-packages\portend.py", line 71, in assert_free
    list(itertools.starmap(self._connect, info))
  File "C:\Users\1\AppData\Local\Programs\Python\Python37\lib\site-packages\portend.py", line 87, in _connect
    raise PortNotFree(tmpl.format(**locals()))
portend.PortNotFree: Port 127.0.0.1 is in use on 80.

During handling of the above exception, another exception occurred:

Traceback (most recent call last):
  File "C:\Users\1\AppData\Local\Programs\Python\Python37\lib\site-packages\cherrypy\process\wspbus.py", line 230, in publish
    output.append(listener(*args, **kwargs))
  File "C:\Users\1\AppData\Local\Programs\Python\Python37\lib\site-packages\cherrypy\_cpserver.py", line 180, in start
    super(Server, self).start()
  File "C:\Users\1\AppData\Local\Programs\Python\Python37\lib\site-packages\cherrypy\process\servers.py", line 177, in start
    portend.free(*self.bind_addr, timeout=Timeouts.free)
  File "C:\Users\1\AppData\Local\Programs\Python\Python37\lib\site-packages\portend.py", line 126, in free
    raise Timeout("Port {port} not free on {host}.".format(**locals()))
portend.Timeout: Port 80 not free on 0.0.0.0.

[14/Dec/2020:20:07:45] ENGINE Shutting down due to error in start listener:
Traceback (most recent call last):
  File "C:\Users\1\AppData\Local\Programs\Python\Python37\lib\site-packages\cherrypy\process\wspbus.py", line 268, in start
    self.publish('start')
  File "C:\Users\1\AppData\Local\Programs\Python\Python37\lib\site-packages\cherrypy\process\wspbus.py", line 248, in publish
    raise exc
cherrypy.process.wspbus.ChannelFailures: Timeout('Port 80 not free on 0.0.0.0.')

[14/Dec/2020:20:07:45] ENGINE Bus STOPPING
[14/Dec/2020:20:07:45] ENGINE HTTP Server cherrypy._cpwsgi_server.CPWSGIServer(('0.0.0.0', 80)) already shut down
[14/Dec/2020:20:07:45] ENGINE Removed handler for console events.
[14/Dec/2020:20:07:45] ENGINE Bus STOPPED
[14/Dec/2020:20:07:45] ENGINE Bus EXITING
[14/Dec/2020:20:07:45] ENGINE Bus EXITED
[14/Dec/2020:20:07:54] ENGINE Console event 2: shutting down bus
[14/Dec/2020:20:07:54] ENGINE Removed handler for console events.
[14/Dec/2020:20:07:54] ENGINE Bus STOPPING
[14/Dec/2020:20:07:54] ENGINE HTTP Server cherrypy._cpwsgi_server.CPWSGIServer(('0.0.0.0', 80)) shut down
[14/Dec/2020:20:07:54] ENGINE Handler for console events already off.
[14/Dec/2020:20:07:54] ENGINE Bus STOPPED
[14/Dec/2020:20:07:54] ENGINE Bus EXITING
[14/Dec/2020:20:07:54] ENGINE Waiting for child threads to terminate...
[14/Dec/2020:20:07:54] ENGINE Bus EXITED
[14/Dec/2020:20:08:02] ENGINE Listening for SIGTERM.
[14/Dec/2020:20:08:02] ENGINE Bus STARTING
[14/Dec/2020:20:08:02] ENGINE Set handler for console events.
[14/Dec/2020:20:08:02] ENGINE Serving on http://0.0.0.0
[14/Dec/2020:20:08:02] ENGINE Bus STARTED
[14/Dec/2020:20:41:53] ENGINE Console event 2: shutting down bus
[14/Dec/2020:20:41:53] ENGINE Removed handler for console events.
[14/Dec/2020:20:41:53] ENGINE Bus STOPPING
[14/Dec/2020:20:41:54] ENGINE Error in 'stop' listener <bound method ServerAdapter.stop of <cherrypy._cpserver.Server object at 0x000001E71451A188>>
Traceback (most recent call last):
  File "C:\Users\1\AppData\Local\Programs\Python\Python37\lib\site-packages\portend.py", line 122, in free
    Checker(timeout=0.1).assert_free(host, port)
  File "C:\Users\1\AppData\Local\Programs\Python\Python37\lib\site-packages\portend.py", line 71, in assert_free
    list(itertools.starmap(self._connect, info))
  File "C:\Users\1\AppData\Local\Programs\Python\Python37\lib\site-packages\portend.py", line 87, in _connect
    raise PortNotFree(tmpl.format(**locals()))
portend.PortNotFree: Port 127.0.0.1 is in use on 80.

During handling of the above exception, another exception occurred:

Traceback (most recent call last):
  File "C:\Users\1\AppData\Local\Programs\Python\Python37\lib\site-packages\cherrypy\process\wspbus.py", line 230, in publish
    output.append(listener(*args, **kwargs))
  File "C:\Users\1\AppData\Local\Programs\Python\Python37\lib\site-packages\cherrypy\process\servers.py", line 281, in stop
    portend.free(*self.bound_addr, timeout=Timeouts.free)
  File "C:\Users\1\AppData\Local\Programs\Python\Python37\lib\site-packages\portend.py", line 126, in free
    raise Timeout("Port {port} not free on {host}.".format(**locals()))
portend.Timeout: Port 80 not free on 0.0.0.0.

[14/Dec/2020:20:41:54] ENGINE Handler for console events already off.
[14/Dec/2020:20:49:49] ENGINE Listening for SIGTERM.
[14/Dec/2020:20:49:49] ENGINE Bus STARTING
[14/Dec/2020:20:49:49] ENGINE Set handler for console events.
[14/Dec/2020:20:49:50] ENGINE Serving on http://0.0.0.0
[14/Dec/2020:20:49:50] ENGINE Bus STARTED
[14/Dec/2020:21:16:55] ENGINE Console event 2: shutting down bus
[14/Dec/2020:21:16:55] ENGINE Removed handler for console events.
[14/Dec/2020:21:16:55] ENGINE Bus STOPPING
[14/Dec/2020:21:16:55] ENGINE HTTP Server cherrypy._cpwsgi_server.CPWSGIServer(('0.0.0.0', 80)) shut down
[14/Dec/2020:21:16:55] ENGINE Handler for console events already off.
[14/Dec/2020:21:16:55] ENGINE Bus STOPPED
[14/Dec/2020:21:16:55] ENGINE Bus EXITING
[14/Dec/2020:21:16:55] ENGINE Bus EXITED
[14/Dec/2020:21:21:36] ENGINE Listening for SIGTERM.
[14/Dec/2020:21:21:36] ENGINE Bus STARTING
[14/Dec/2020:21:21:36] ENGINE Set handler for console events.
[14/Dec/2020:21:21:37] ENGINE Serving on http://0.0.0.0
[14/Dec/2020:21:21:37] ENGINE Bus STARTED
[14/Dec/2020:21:25:19] ENGINE Console event 2: shutting down bus
[14/Dec/2020:21:25:19] ENGINE Removed handler for console events.
[14/Dec/2020:21:25:19] ENGINE Bus STOPPING
[14/Dec/2020:21:25:19] ENGINE HTTP Server cherrypy._cpwsgi_server.CPWSGIServer(('0.0.0.0', 80)) shut down
[14/Dec/2020:21:25:19] ENGINE Handler for console events already off.
[14/Dec/2020:21:25:19] ENGINE Bus STOPPED
[14/Dec/2020:21:25:19] ENGINE Bus EXITING
[14/Dec/2020:21:25:19] ENGINE Waiting for child threads to terminate...
[14/Dec/2020:21:25:19] ENGINE Bus EXITED
[14/Dec/2020:21:27:01] ENGINE Listening for SIGTERM.
[14/Dec/2020:21:27:01] ENGINE Bus STARTING
[14/Dec/2020:21:27:01] ENGINE Set handler for console events.
[14/Dec/2020:21:27:01] ENGINE Serving on http://0.0.0.0
[14/Dec/2020:21:27:01] ENGINE Bus STARTED
[14/Dec/2020:21:43:56] ENGINE Listening for SIGTERM.
[14/Dec/2020:21:43:56] ENGINE Bus STARTING
[14/Dec/2020:21:43:56] ENGINE Set handler for console events.
[14/Dec/2020:21:43:57] ENGINE Serving on http://0.0.0.0
[14/Dec/2020:21:43:57] ENGINE Bus STARTED
[14/Dec/2020:21:45:17] ENGINE Console event 2: shutting down bus
[14/Dec/2020:21:45:17] ENGINE Removed handler for console events.
[14/Dec/2020:21:45:17] ENGINE Bus STOPPING
[14/Dec/2020:21:45:17] ENGINE HTTP Server cherrypy._cpwsgi_server.CPWSGIServer(('0.0.0.0', 80)) shut down
[14/Dec/2020:21:45:17] ENGINE Handler for console events already off.
[14/Dec/2020:21:45:17] ENGINE Bus STOPPED
[14/Dec/2020:21:45:17] ENGINE Bus EXITING
[14/Dec/2020:21:45:17] ENGINE Waiting for child threads to terminate...
[14/Dec/2020:21:45:17] ENGINE Bus EXITED
[14/Dec/2020:21:45:38] ENGINE Listening for SIGTERM.
[14/Dec/2020:21:45:38] ENGINE Bus STARTING
[14/Dec/2020:21:45:38] ENGINE Set handler for console events.
[14/Dec/2020:21:45:38] ENGINE Serving on http://0.0.0.0
[14/Dec/2020:21:45:38] ENGINE Bus STARTED
[14/Dec/2020:21:47:02] ENGINE Console event 2: shutting down bus
[14/Dec/2020:21:47:02] ENGINE Removed handler for console events.
[14/Dec/2020:21:47:02] ENGINE Bus STOPPING
[14/Dec/2020:21:47:02] ENGINE HTTP Server cherrypy._cpwsgi_server.CPWSGIServer(('0.0.0.0', 80)) shut down
[14/Dec/2020:21:47:02] ENGINE Handler for console events already off.
[14/Dec/2020:21:47:02] ENGINE Bus STOPPED
[14/Dec/2020:21:47:02] ENGINE Bus EXITING
[14/Dec/2020:21:47:02] ENGINE Waiting for child threads to terminate...
[14/Dec/2020:21:47:02] ENGINE Bus EXITED
[14/Dec/2020:22:05:35] ENGINE Listening for SIGTERM.
[14/Dec/2020:22:05:35] ENGINE Bus STARTING
[14/Dec/2020:22:05:35] ENGINE Set handler for console events.
[14/Dec/2020:22:05:35] ENGINE Serving on http://0.0.0.0
[14/Dec/2020:22:05:35] ENGINE Bus STARTED
[15/Dec/2020:08:15:24] ENGINE Listening for SIGTERM.
[15/Dec/2020:08:15:24] ENGINE Bus STARTING
[15/Dec/2020:08:15:24] ENGINE Set handler for console events.
[15/Dec/2020:08:15:24] ENGINE Serving on http://0.0.0.0
[15/Dec/2020:08:15:24] ENGINE Bus STARTED
[15/Dec/2020:08:15:57] ENGINE Console event 2: shutting down bus
[15/Dec/2020:08:15:57] ENGINE Removed handler for console events.
[15/Dec/2020:08:15:57] ENGINE Bus STOPPING
[15/Dec/2020:08:15:57] ENGINE HTTP Server cherrypy._cpwsgi_server.CPWSGIServer(('0.0.0.0', 80)) shut down
[15/Dec/2020:08:15:57] ENGINE Handler for console events already off.
[15/Dec/2020:08:15:57] ENGINE Bus STOPPED
[15/Dec/2020:08:15:57] ENGINE Bus EXITING
[15/Dec/2020:08:15:57] ENGINE Waiting for child threads to terminate...
[15/Dec/2020:08:15:57] ENGINE Bus EXITED
[15/Dec/2020:11:57:25] ENGINE Listening for SIGTERM.
[15/Dec/2020:11:57:25] ENGINE Bus STARTING
[15/Dec/2020:11:57:25] ENGINE Set handler for console events.
[15/Dec/2020:11:57:25] ENGINE Serving on http://0.0.0.0
[15/Dec/2020:11:57:25] ENGINE Bus STARTED
[15/Dec/2020:15:39:37] ENGINE Listening for SIGTERM.
[15/Dec/2020:15:39:37] ENGINE Bus STARTING
[15/Dec/2020:15:39:37] ENGINE Set handler for console events.
[15/Dec/2020:15:39:37] ENGINE Serving on http://0.0.0.0
[15/Dec/2020:15:39:37] ENGINE Bus STARTED
[15/Dec/2020:15:40:29] ENGINE Console event 0: shutting down bus
[15/Dec/2020:15:40:29] ENGINE Removed handler for console events.
[15/Dec/2020:15:40:29] ENGINE Bus STOPPING
[15/Dec/2020:15:40:29] ENGINE HTTP Server cherrypy._cpwsgi_server.CPWSGIServer(('0.0.0.0', 80)) shut down
[15/Dec/2020:15:40:29] ENGINE Handler for console events already off.
[15/Dec/2020:15:40:29] ENGINE Bus STOPPED
[15/Dec/2020:15:40:29] ENGINE Bus EXITING
[15/Dec/2020:15:40:29] ENGINE Bus EXITED
[15/Dec/2020:15:40:29] ENGINE Waiting for child threads to terminate...
[15/Dec/2020:15:41:10] ENGINE Listening for SIGTERM.
[15/Dec/2020:15:41:10] ENGINE Bus STARTING
[15/Dec/2020:15:41:10] ENGINE Set handler for console events.
[15/Dec/2020:15:41:10] ENGINE Serving on http://0.0.0.0
[15/Dec/2020:15:41:10] ENGINE Bus STARTED
[15/Dec/2020:15:43:04] ENGINE Console event 0: shutting down bus
[15/Dec/2020:15:43:04] ENGINE Removed handler for console events.
[15/Dec/2020:15:43:04] ENGINE Bus STOPPING
[15/Dec/2020:15:43:05] ENGINE HTTP Server cherrypy._cpwsgi_server.CPWSGIServer(('0.0.0.0', 80)) shut down
[15/Dec/2020:15:43:05] ENGINE Handler for console events already off.
[15/Dec/2020:15:43:05] ENGINE Bus STOPPED
[15/Dec/2020:15:43:05] ENGINE Bus EXITING
[15/Dec/2020:15:43:05] ENGINE Waiting for child threads to terminate...
